

*******************************************************************************
Fri Feb 24 13:26:43 2012


FIT:    data read from 'obslog_n3628_cal_1055018_1.dat' using 1:2
	x range restricted to [0.00000 : 200.000]
        #datapoints = 4
        residuals are weighted equally (unit weight)

function used for fitting: f1(x)
fitted parameters initialized with current variable values



 Iteration 0
 WSSR        : 22852.6           delta(WSSR)/WSSR   : 0
 delta(WSSR) : 0                 limit for stopping : 1e-05
 lambda	  : 56.2542

initial set of free parameter values

a1              = 1
b1              = 1

After 6 iterations the fit converged.
final sum of squares of residuals : 0.591053
rel. change during last iteration : -1.59287e-13

degrees of freedom    (FIT_NDF)                        : 2
rms of residuals      (FIT_STDFIT) = sqrt(WSSR/ndf)    : 0.543624
variance of residuals (reduced chisquare) = WSSR/ndf   : 0.295527

Final set of parameters            Asymptotic Standard Error
=======================            ==========================

a1              = 5.42332          +/- 0.6939       (12.8%)
b1              = -0.00107001      +/- 0.008723     (815.2%)


correlation matrix of the fit parameters:

               a1     b1     
a1              1.000 
b1             -0.920  1.000 


*******************************************************************************
Fri Feb 24 13:26:43 2012


FIT:    data read from 'obslog_n3628_cal_1055018_1.dat' using 1:2:3
	x range restricted to [0.00000 : 200.000]
        #datapoints = 4
function used for fitting: f1e(x)
fitted parameters initialized with current variable values



 Iteration 0
 WSSR        : 176475            delta(WSSR)/WSSR   : 0
 delta(WSSR) : 0                 limit for stopping : 1e-05
 lambda	  : 156.355

initial set of free parameter values

a1e             = 1
b1e             = 1

After 6 iterations the fit converged.
final sum of squares of residuals : 4.66275
rel. change during last iteration : -1.81722e-13

degrees of freedom    (FIT_NDF)                        : 2
rms of residuals      (FIT_STDFIT) = sqrt(WSSR/ndf)    : 1.52688
variance of residuals (reduced chisquare) = WSSR/ndf   : 2.33137

Final set of parameters            Asymptotic Standard Error
=======================            ==========================

a1e             = 5.41769          +/- 0.7134       (13.17%)
b1e             = -0.00131374      +/- 0.009017     (686.4%)


correlation matrix of the fit parameters:

               a1e    b1e    
a1e             1.000 
b1e            -0.924  1.000 


*******************************************************************************
Fri Feb 24 13:26:43 2012


FIT:    data read from 'obslog_n3628_cal_3c84.dat' using 1:2
	x range restricted to [0.00000 : 200.000]
        #datapoints = 9
        residuals are weighted equally (unit weight)

function used for fitting: f2(x)
fitted parameters initialized with current variable values



 Iteration 0
 WSSR        : 82051.7           delta(WSSR)/WSSR   : 0
 delta(WSSR) : 0                 limit for stopping : 1e-05
 lambda	  : 69.7434

initial set of free parameter values

a2              = 1
b2              = 1

After 5 iterations the fit converged.
final sum of squares of residuals : 0.960938
rel. change during last iteration : -8.43871e-06

degrees of freedom    (FIT_NDF)                        : 7
rms of residuals      (FIT_STDFIT) = sqrt(WSSR/ndf)    : 0.370509
variance of residuals (reduced chisquare) = WSSR/ndf   : 0.137277

Final set of parameters            Asymptotic Standard Error
=======================            ==========================

a2              = 4.25135          +/- 0.294        (6.915%)
b2              = 0.00207421       +/- 0.002981     (143.7%)


correlation matrix of the fit parameters:

               a2     b2     
a2              1.000 
b2             -0.907  1.000 


*******************************************************************************
Fri Feb 24 13:26:43 2012


FIT:    data read from 'obslog_n3628_cal_3c345.dat' using 1:2
	x range restricted to [0.00000 : 200.000]
        #datapoints = 17
        residuals are weighted equally (unit weight)

function used for fitting: f3(x)
fitted parameters initialized with current variable values



 Iteration 0
 WSSR        : 100931            delta(WSSR)/WSSR   : 0
 delta(WSSR) : 0                 limit for stopping : 1e-05
 lambda	  : 57.2734

initial set of free parameter values

a3              = 1
b3              = 1

After 5 iterations the fit converged.
final sum of squares of residuals : 1.79817
rel. change during last iteration : -1.49266e-07

degrees of freedom    (FIT_NDF)                        : 15
rms of residuals      (FIT_STDFIT) = sqrt(WSSR/ndf)    : 0.346234
variance of residuals (reduced chisquare) = WSSR/ndf   : 0.119878

Final set of parameters            Asymptotic Standard Error
=======================            ==========================

a3              = 5.77586          +/- 0.1719       (2.976%)
b3              = -0.00238695      +/- 0.002123     (88.92%)


correlation matrix of the fit parameters:

               a3     b3     
a3              1.000 
b3             -0.873  1.000 
