

*******************************************************************************
Sat Jul  9 14:00:41 2011


FIT:    data read from "property.dat" using 3:5
        #datapoints = 8
        residuals are weighted equally (unit weight)

function used for fitting: f11(x)
fitted parameters initialized with current variable values



Iteration 0
WSSR        : 21658.8           delta(WSSR)/WSSR   : 0
delta(WSSR) : 0                 limit for stopping : 1e-05
lambda	  : 648.197

initial set of free parameter values

a11             = 44.002
b11             = 0.0776345

After 1 iterations the fit converged.
final sum of squares of residuals : 21658.8
rel. change during last iteration : 0

degrees of freedom (ndf) : 6
rms of residuals      (stdfit) = sqrt(WSSR/ndf)      : 60.0817
variance of residuals (reduced chisquare) = WSSR/ndf : 3609.81

Final set of parameters            Asymptotic Standard Error
=======================            ==========================

a11             = 44.002           +/- 31.29        (71.1%)
b11             = 0.0776345        +/- 0.03413      (43.96%)


correlation matrix of the fit parameters:

               a11    b11    
a11             1.000 
b11            -0.734  1.000 


*******************************************************************************
Sat Jul  9 14:00:48 2011


FIT:    data read from "property.dat" using 3:9
        #datapoints = 8
        residuals are weighted equally (unit weight)

function used for fitting: f21(x)
fitted parameters initialized with current variable values



Iteration 0
WSSR        : 61501.4           delta(WSSR)/WSSR   : 0
delta(WSSR) : 0                 limit for stopping : 1e-05
lambda	  : 648.197

initial set of free parameter values

a21             = 31.6101
b21             = 0.171958

After 1 iterations the fit converged.
final sum of squares of residuals : 61501.4
rel. change during last iteration : -1.18306e-16

degrees of freedom (ndf) : 6
rms of residuals      (stdfit) = sqrt(WSSR/ndf)      : 101.243
variance of residuals (reduced chisquare) = WSSR/ndf : 10250.2

Final set of parameters            Asymptotic Standard Error
=======================            ==========================

a21             = 31.6101          +/- 52.72        (166.8%)
b21             = 0.171958         +/- 0.05751      (33.44%)


correlation matrix of the fit parameters:

               a21    b21    
a21             1.000 
b21            -0.734  1.000 


*******************************************************************************
Sat Jul  9 14:00:53 2011


FIT:    data read from "property.dat" using 5:9
        #datapoints = 8
        residuals are weighted equally (unit weight)

function used for fitting: f81(x)
fitted parameters initialized with current variable values



Iteration 0
WSSR        : 61147             delta(WSSR)/WSSR   : 0
delta(WSSR) : 0                 limit for stopping : 1e-05
lambda	  : 84.5791

initial set of free parameter values

a81             = 1.98401
b81             = 1.51016

After 1 iterations the fit converged.
final sum of squares of residuals : 61147
rel. change during last iteration : -8.56737e-15

degrees of freedom (ndf) : 6
rms of residuals      (stdfit) = sqrt(WSSR/ndf)      : 100.951
variance of residuals (reduced chisquare) = WSSR/ndf : 10191.2

Final set of parameters            Asymptotic Standard Error
=======================            ==========================

a81             = 1.98401          +/- 60.12        (3030%)
b81             = 1.51016          +/- 0.5026       (33.28%)


correlation matrix of the fit parameters:

               a81    b81    
a81             1.000 
b81            -0.805  1.000 


*******************************************************************************
Sat Jul  9 14:00:58 2011


FIT:    data read from "property.dat" using 3:11
        #datapoints = 8
        residuals are weighted equally (unit weight)

function used for fitting: f31(x)
fitted parameters initialized with current variable values



Iteration 0
WSSR        : 63775.6           delta(WSSR)/WSSR   : 0
delta(WSSR) : 0                 limit for stopping : 1e-05
lambda	  : 648.197

initial set of free parameter values

a31             = 9.14548
b31             = 0.14476

After 1 iterations the fit converged.
final sum of squares of residuals : 63775.6
rel. change during last iteration : -1.14087e-16

degrees of freedom (ndf) : 6
rms of residuals      (stdfit) = sqrt(WSSR/ndf)      : 103.098
variance of residuals (reduced chisquare) = WSSR/ndf : 10629.3

Final set of parameters            Asymptotic Standard Error
=======================            ==========================

a31             = 9.14548          +/- 53.69        (587%)
b31             = 0.14476          +/- 0.05856      (40.46%)


correlation matrix of the fit parameters:

               a31    b31    
a31             1.000 
b31            -0.734  1.000 


*******************************************************************************
Sat Jul  9 14:01:04 2011


FIT:    data read from "property.dat" using 3:13
        #datapoints = 7
        residuals are weighted equally (unit weight)

function used for fitting: f41(x)
fitted parameters initialized with current variable values



Iteration 0
WSSR        : 425.965           delta(WSSR)/WSSR   : 0
delta(WSSR) : 0                 limit for stopping : 1e-05
lambda	  : 692.557

initial set of free parameter values

a41             = 6.04853
b41             = 0.0107638

After 1 iterations the fit converged.
final sum of squares of residuals : 425.965
rel. change during last iteration : -1.33446e-16

degrees of freedom (ndf) : 5
rms of residuals      (stdfit) = sqrt(WSSR/ndf)      : 9.23001
variance of residuals (reduced chisquare) = WSSR/ndf : 85.1931

Final set of parameters            Asymptotic Standard Error
=======================            ==========================

a41             = 6.04853          +/- 5.494        (90.83%)
b41             = 0.0107638        +/- 0.00561      (52.12%)


correlation matrix of the fit parameters:

               a41    b41    
a41             1.000 
b41            -0.773  1.000 


*******************************************************************************
Sat Jul  9 14:01:10 2011


FIT:    data read from "property.dat" using 11:13
        #datapoints = 7
        residuals are weighted equally (unit weight)

function used for fitting: f61(x)
fitted parameters initialized with current variable values



Iteration 0
WSSR        : 56.472            delta(WSSR)/WSSR   : 0
delta(WSSR) : 0                 limit for stopping : 1e-05
lambda	  : 120.699

initial set of free parameter values

a61             = 6.6095
b61             = 0.072962

After 1 iterations the fit converged.
final sum of squares of residuals : 56.472
rel. change during last iteration : -2.51644e-16

degrees of freedom (ndf) : 5
rms of residuals      (stdfit) = sqrt(WSSR/ndf)      : 3.36072
variance of residuals (reduced chisquare) = WSSR/ndf : 11.2944

Final set of parameters            Asymptotic Standard Error
=======================            ==========================

a61             = 6.6095           +/- 1.601        (24.23%)
b61             = 0.072962         +/- 0.009381     (12.86%)


correlation matrix of the fit parameters:

               a61    b61    
a61             1.000 
b61            -0.609  1.000 


*******************************************************************************
Sat Jul  9 14:01:15 2011


FIT:    data read from "property.dat" using 7:9
        #datapoints = 8
        residuals are weighted equally (unit weight)

function used for fitting: f101(x)
fitted parameters initialized with current variable values



Iteration 0
WSSR        : 130123            delta(WSSR)/WSSR   : 0
delta(WSSR) : 0                 limit for stopping : 1e-05
lambda	  : 9.28158

initial set of free parameter values

a101            = 88.0376
b101            = 6.10946

After 1 iterations the fit converged.
final sum of squares of residuals : 130123
rel. change during last iteration : -1.11832e-16

degrees of freedom (ndf) : 6
rms of residuals      (stdfit) = sqrt(WSSR/ndf)      : 147.265
variance of residuals (reduced chisquare) = WSSR/ndf : 21687.1

Final set of parameters            Asymptotic Standard Error
=======================            ==========================

a101            = 88.0376          +/- 77.62        (88.16%)
b101            = 6.10946          +/- 5.93         (97.07%)


correlation matrix of the fit parameters:

               a101   b101   
a101            1.000 
b101           -0.742  1.000 


*******************************************************************************
Sat Jul  9 14:01:20 2011


FIT:    data read from "property.dat" using 7:9
        #datapoints = 8
        residuals are weighted equally (unit weight)

function used for fitting: f111(x)
fitted parameters initialized with current variable values



Iteration 0
WSSR        : 130123            delta(WSSR)/WSSR   : 0
delta(WSSR) : 0                 limit for stopping : 1e-05
lambda	  : 9.28158

initial set of free parameter values

a111            = 88.0376
b111            = 6.10946

After 1 iterations the fit converged.
final sum of squares of residuals : 130123
rel. change during last iteration : -1.11832e-16

degrees of freedom (ndf) : 6
rms of residuals      (stdfit) = sqrt(WSSR/ndf)      : 147.265
variance of residuals (reduced chisquare) = WSSR/ndf : 21687.1

Final set of parameters            Asymptotic Standard Error
=======================            ==========================

a111            = 88.0376          +/- 77.62        (88.16%)
b111            = 6.10946          +/- 5.93         (97.07%)


correlation matrix of the fit parameters:

               a111   b111   
a111            1.000 
b111           -0.742  1.000 
