

*******************************************************************************
Fri Feb 24 13:26:43 2012


FIT:    data read from 'obslog_n3628_cal_1055018_1.dat' using 1:2
	x range restricted to [0.00000 : 200.000]
        #datapoints = 4
        residuals are weighted equally (unit weight)

function used for fitting: f1(x)
fitted parameters initialized with current variable values



 Iteration 0
 WSSR        : 22852.6           delta(WSSR)/WSSR   : 0
 delta(WSSR) : 0                 limit for stopping : 1e-05
 lambda	  : 56.2542

initial set of free parameter values

a1              = 1
b1              = 1

After 6 iterations the fit converged.
final sum of squares of residuals : 0.591053
rel. change during last iteration : -1.59287e-13

degrees of freedom    (FIT_NDF)                        : 2
rms of residuals      (FIT_STDFIT) = sqrt(WSSR/ndf)    : 0.543624
variance of residuals (reduced chisquare) = WSSR/ndf   : 0.295527

Final set of parameters            Asymptotic Standard Error
=======================            ==========================

a1              = 5.42332          +/- 0.6939       (12.8%)
b1              = -0.00107001      +/- 0.008723     (815.2%)


correlation matrix of the fit parameters:

               a1     b1     
a1              1.000 
b1             -0.920  1.000 
