

*******************************************************************************
Fri Feb 24 13:26:43 2012


FIT:    data read from 'obslog_n3628_cal_1055018_1.dat' using 1:2:3
	x range restricted to [0.00000 : 200.000]
        #datapoints = 4
function used for fitting: f1e(x)
fitted parameters initialized with current variable values



 Iteration 0
 WSSR        : 176475            delta(WSSR)/WSSR   : 0
 delta(WSSR) : 0                 limit for stopping : 1e-05
 lambda	  : 156.355

initial set of free parameter values

a1e             = 1
b1e             = 1

After 6 iterations the fit converged.
final sum of squares of residuals : 4.66275
rel. change during last iteration : -1.81722e-13

degrees of freedom    (FIT_NDF)                        : 2
rms of residuals      (FIT_STDFIT) = sqrt(WSSR/ndf)    : 1.52688
variance of residuals (reduced chisquare) = WSSR/ndf   : 2.33137

Final set of parameters            Asymptotic Standard Error
=======================            ==========================

a1e             = 5.41769          +/- 0.7134       (13.17%)
b1e             = -0.00131374      +/- 0.009017     (686.4%)


correlation matrix of the fit parameters:

               a1e    b1e    
a1e             1.000 
b1e            -0.924  1.000 
