

*******************************************************************************
Fri Feb 24 13:26:43 2012


FIT:    data read from 'obslog_n3628_cal_3c84.dat' using 1:2
	x range restricted to [0.00000 : 200.000]
        #datapoints = 9
        residuals are weighted equally (unit weight)

function used for fitting: f2(x)
fitted parameters initialized with current variable values



 Iteration 0
 WSSR        : 82051.7           delta(WSSR)/WSSR   : 0
 delta(WSSR) : 0                 limit for stopping : 1e-05
 lambda	  : 69.7434

initial set of free parameter values

a2              = 1
b2              = 1

After 5 iterations the fit converged.
final sum of squares of residuals : 0.960938
rel. change during last iteration : -8.43871e-06

degrees of freedom    (FIT_NDF)                        : 7
rms of residuals      (FIT_STDFIT) = sqrt(WSSR/ndf)    : 0.370509
variance of residuals (reduced chisquare) = WSSR/ndf   : 0.137277

Final set of parameters            Asymptotic Standard Error
=======================            ==========================

a2              = 4.25135          +/- 0.294        (6.915%)
b2              = 0.00207421       +/- 0.002981     (143.7%)


correlation matrix of the fit parameters:

               a2     b2     
a2              1.000 
b2             -0.907  1.000 
