

*******************************************************************************
Fri Feb 24 13:26:43 2012


FIT:    data read from 'obslog_n3628_cal_3c345.dat' using 1:2
	x range restricted to [0.00000 : 200.000]
        #datapoints = 17
        residuals are weighted equally (unit weight)

function used for fitting: f3(x)
fitted parameters initialized with current variable values



 Iteration 0
 WSSR        : 100931            delta(WSSR)/WSSR   : 0
 delta(WSSR) : 0                 limit for stopping : 1e-05
 lambda	  : 57.2734

initial set of free parameter values

a3              = 1
b3              = 1

After 5 iterations the fit converged.
final sum of squares of residuals : 1.79817
rel. change during last iteration : -1.49266e-07

degrees of freedom    (FIT_NDF)                        : 15
rms of residuals      (FIT_STDFIT) = sqrt(WSSR/ndf)    : 0.346234
variance of residuals (reduced chisquare) = WSSR/ndf   : 0.119878

Final set of parameters            Asymptotic Standard Error
=======================            ==========================

a3              = 5.77586          +/- 0.1719       (2.976%)
b3              = -0.00238695      +/- 0.002123     (88.92%)


correlation matrix of the fit parameters:

               a3     b3     
a3              1.000 
b3             -0.873  1.000 
