

*******************************************************************************
Fri Jul  8 22:35:45 2011


FIT:    data read from "property.dat" using 3:5:6
        #datapoints = 6
function used for fitting: f1(x)
fitted parameters initialized with current variable values



Iteration 0
WSSR        : nan               delta(WSSR)/WSSR   : 0
delta(WSSR) : nan               limit for stopping : 1e-05
lambda	  : nan

initial set of free parameter values

a1              = nan
b1              = 1

After 1 iterations the fit converged.
final sum of squares of residuals : nan
abs. change during last iteration : nan

degrees of freedom (ndf) : 4
rms of residuals      (stdfit) = sqrt(WSSR/ndf)      : nan
variance of residuals (reduced chisquare) = WSSR/ndf : nan

Final set of parameters            Asymptotic Standard Error
=======================            ==========================

a1              = nan              +/- nan          (nan%)
b1              = 1                +/- nan          (nan%)


correlation matrix of the fit parameters:

               a1     b1     
a1                nan 
b1                nan    nan 


*******************************************************************************
Fri Jul  8 22:35:45 2011


FIT:    data read from "property.dat" using 3:5
        #datapoints = 6
        residuals are weighted equally (unit weight)

function used for fitting: f11(x)
fitted parameters initialized with current variable values



Iteration 0
WSSR        : 21211.8           delta(WSSR)/WSSR   : 0
delta(WSSR) : 0                 limit for stopping : 1e-05
lambda	  : 747.564

initial set of free parameter values

a11             = 14.9238
b11             = 0.0997981

After 1 iterations the fit converged.
final sum of squares of residuals : 21211.8
rel. change during last iteration : 0

degrees of freedom (ndf) : 4
rms of residuals      (stdfit) = sqrt(WSSR/ndf)      : 72.8213
variance of residuals (reduced chisquare) = WSSR/ndf : 5302.95

Final set of parameters            Asymptotic Standard Error
=======================            ==========================

a11             = 14.9238          +/- 51.21        (343.2%)
b11             = 0.0997981        +/- 0.04844      (48.54%)


correlation matrix of the fit parameters:

               a11    b11    
a11             1.000 
b11            -0.814  1.000 


*******************************************************************************
Fri Jul  8 22:41:18 2011


FIT:    data read from "property.dat" using 5:13:14
        #datapoints = 6
function used for fitting: f7(x)
fitted parameters initialized with current variable values



Iteration 0
WSSR        : 6201.51           delta(WSSR)/WSSR   : 0
delta(WSSR) : 0                 limit for stopping : 1e-05
lambda	  : 25.4833

initial set of free parameter values

a7              = 1
b7              = 1

After 5 iterations the fit converged.
final sum of squares of residuals : 45.4917
rel. change during last iteration : -1.55424e-10

degrees of freedom (ndf) : 4
rms of residuals      (stdfit) = sqrt(WSSR/ndf)      : 3.37238
variance of residuals (reduced chisquare) = WSSR/ndf : 11.3729

Final set of parameters            Asymptotic Standard Error
=======================            ==========================

a7              = 6.35047          +/- 2.65         (41.72%)
b7              = 0.0728399        +/- 0.04341      (59.59%)


correlation matrix of the fit parameters:

               a7     b7     
a7              1.000 
b7             -0.475  1.000 


*******************************************************************************
Fri Jul  8 22:41:19 2011


FIT:    data read from "property.dat" using 5:13
        #datapoints = 6
        residuals are weighted equally (unit weight)

function used for fitting: f71(x)
fitted parameters initialized with current variable values



Iteration 0
WSSR        : 79702.2           delta(WSSR)/WSSR   : 0
delta(WSSR) : 0                 limit for stopping : 1e-05
lambda	  : 93.4215

initial set of free parameter values

a71             = 1
b71             = 1

After 5 iterations the fit converged.
final sum of squares of residuals : 148.766
rel. change during last iteration : -9.44429e-08

degrees of freedom (ndf) : 4
rms of residuals      (stdfit) = sqrt(WSSR/ndf)      : 6.09849
variance of residuals (reduced chisquare) = WSSR/ndf : 37.1915

Final set of parameters            Asymptotic Standard Error
=======================            ==========================

a71             = 3.71114          +/- 3.853        (103.8%)
b71             = 0.112865         +/- 0.02917      (25.84%)


correlation matrix of the fit parameters:

               a71    b71    
a71             1.000 
b71            -0.763  1.000 


*******************************************************************************
Fri Jul  8 22:47:08 2011


FIT:    data read from "property.dat" using 5:9:10
        #datapoints = 6
function used for fitting: f8(x)
fitted parameters initialized with current variable values



Iteration 0
WSSR        : inf               delta(WSSR)/WSSR   : nan
delta(WSSR) : nan               limit for stopping : 1e-05
lambda	  : nan

initial set of free parameter values

a8              = 1
b8              = 1

After 1 iterations the fit converged.
final sum of squares of residuals : inf
rel. change during last iteration : nan

degrees of freedom (ndf) : 4
rms of residuals      (stdfit) = sqrt(WSSR/ndf)      : inf
variance of residuals (reduced chisquare) = WSSR/ndf : inf

Final set of parameters            Asymptotic Standard Error
=======================            ==========================

a8              = 1                +/- nan          (nan%)
b8              = 1                +/- nan          (nan%)


correlation matrix of the fit parameters:

               a8     b8     
a8                nan 
b8                nan    nan 


*******************************************************************************
Fri Jul  8 22:47:08 2011


FIT:    data read from "property.dat" using 5:9
        #datapoints = 6
        residuals are weighted equally (unit weight)

function used for fitting: f81(x)
fitted parameters initialized with current variable values



Iteration 0
WSSR        : 76528.6           delta(WSSR)/WSSR   : 0
delta(WSSR) : 0                 limit for stopping : 1e-05
lambda	  : 93.4215

initial set of free parameter values

a81             = 1
b81             = 1

After 5 iterations the fit converged.
final sum of squares of residuals : 456.971
rel. change during last iteration : -1.24033e-08

degrees of freedom (ndf) : 4
rms of residuals      (stdfit) = sqrt(WSSR/ndf)      : 10.6884
variance of residuals (reduced chisquare) = WSSR/ndf : 114.243

Final set of parameters            Asymptotic Standard Error
=======================            ==========================

a81             = 2.72025          +/- 6.753        (248.3%)
b81             = 0.137816         +/- 0.05112      (37.09%)


correlation matrix of the fit parameters:

               a81    b81    
a81             1.000 
b81            -0.763  1.000 
